Symlinking /home/shubhankargoje/catkin_ws/devel/share/roseus/ros/actuator/manifest.l
Symlinking /home/shubhankargoje/catkin_ws/devel/share/roseus/ros/actuator/srv/ActivateActuator.l
Symlinking /home/shubhankargoje/catkin_ws/devel/share/common-lisp/ros/actuator/srv/_package.lisp
Symlinking /home/shubhankargoje/catkin_ws/devel/share/common-lisp/ros/actuator/srv/actuator-srv.asd
Symlinking /home/shubhankargoje/catkin_ws/devel/share/common-lisp/ros/actuator/srv/_package_ActivateActuator.lisp
Symlinking /home/shubhankargoje/catkin_ws/devel/share/common-lisp/ros/actuator/srv/ActivateActuator.lisp
Symlinking /home/shubhankargoje/catkin_ws/devel/share/gennodejs/ros/actuator/_index.js
Symlinking /home/shubhankargoje/catkin_ws/devel/share/gennodejs/ros/actuator/srv/ActivateActuator.js
Symlinking /home/shubhankargoje/catkin_ws/devel/share/gennodejs/ros/actuator/srv/_index.js
Symlinking /home/shubhankargoje/catkin_ws/devel/share/actuator/cmake/actuator-msg-paths.cmake
Symlinking /home/shubhankargoje/catkin_ws/devel/share/actuator/cmake/actuatorConfig.cmake
Symlinking /home/shubhankargoje/catkin_ws/devel/share/actuator/cmake/actuator-msg-extras.cmake
Symlinking /home/shubhankargoje/catkin_ws/devel/share/actuator/cmake/actuatorConfig-version.cmake
Symlinking /home/shubhankargoje/catkin_ws/devel/lib/pkgconfig/actuator.pc
Symlinking /home/shubhankargoje/catkin_ws/devel/lib/python2.7/dist-packages/actuator/__init__.py
Symlinking /home/shubhankargoje/catkin_ws/devel/lib/python2.7/dist-packages/actuator/srv/_ActivateActuator.py
Symlinking /home/shubhankargoje/catkin_ws/devel/lib/python2.7/dist-packages/actuator/srv/__init__.py
Symlinking /home/shubhankargoje/catkin_ws/devel/include/actuator/ActivateActuator.h
Symlinking /home/shubhankargoje/catkin_ws/devel/include/actuator/ActivateActuatorResponse.h
Symlinking /home/shubhankargoje/catkin_ws/devel/include/actuator/ActivateActuatorRequest.h
