Symlinking /home/shubhankargoje/catkin_ws/devel/share/uuv_control_cascaded_pid/docs/VelocityControlConfig.dox
Symlinking /home/shubhankargoje/catkin_ws/devel/share/uuv_control_cascaded_pid/docs/AccelerationControlConfig.wikidoc
Symlinking /home/shubhankargoje/catkin_ws/devel/share/uuv_control_cascaded_pid/docs/AccelerationControlConfig.dox
Symlinking /home/shubhankargoje/catkin_ws/devel/share/uuv_control_cascaded_pid/docs/VelocityControlConfig-usage.dox
Symlinking /home/shubhankargoje/catkin_ws/devel/share/uuv_control_cascaded_pid/docs/PositionControlConfig.dox
Symlinking /home/shubhankargoje/catkin_ws/devel/share/uuv_control_cascaded_pid/docs/VelocityControlConfig.wikidoc
Symlinking /home/shubhankargoje/catkin_ws/devel/share/uuv_control_cascaded_pid/docs/PositionControlConfig-usage.dox
Symlinking /home/shubhankargoje/catkin_ws/devel/share/uuv_control_cascaded_pid/docs/PositionControlConfig.wikidoc
Symlinking /home/shubhankargoje/catkin_ws/devel/share/uuv_control_cascaded_pid/docs/AccelerationControlConfig-usage.dox
Symlinking /home/shubhankargoje/catkin_ws/devel/share/uuv_control_cascaded_pid/cmake/uuv_control_cascaded_pidConfig.cmake
Symlinking /home/shubhankargoje/catkin_ws/devel/share/uuv_control_cascaded_pid/cmake/uuv_control_cascaded_pidConfig-version.cmake
Symlinking /home/shubhankargoje/catkin_ws/devel/lib/pkgconfig/uuv_control_cascaded_pid.pc
Symlinking /home/shubhankargoje/catkin_ws/devel/lib/python2.7/dist-packages/uuv_control_cascaded_pid/__init__.py
Symlinking /home/shubhankargoje/catkin_ws/devel/lib/python2.7/dist-packages/uuv_control_cascaded_pid/cfg/PositionControlConfig.py
Symlinking /home/shubhankargoje/catkin_ws/devel/lib/python2.7/dist-packages/uuv_control_cascaded_pid/cfg/VelocityControlConfig.py
Symlinking /home/shubhankargoje/catkin_ws/devel/lib/python2.7/dist-packages/uuv_control_cascaded_pid/cfg/__init__.py
Symlinking /home/shubhankargoje/catkin_ws/devel/lib/python2.7/dist-packages/uuv_control_cascaded_pid/cfg/AccelerationControlConfig.py
Symlinking /home/shubhankargoje/catkin_ws/devel/lib/python2.7/dist-packages/PID/__init__.py
Symlinking /home/shubhankargoje/catkin_ws/devel/include/uuv_control_cascaded_pid/PositionControlConfig.h
Symlinking /home/shubhankargoje/catkin_ws/devel/include/uuv_control_cascaded_pid/AccelerationControlConfig.h
Symlinking /home/shubhankargoje/catkin_ws/devel/include/uuv_control_cascaded_pid/VelocityControlConfig.h
