[35m[1mScanning dependencies of target std_msgs_generate_messages_nodejs[0m
[  0%] Built target std_msgs_generate_messages_nodejs
[35m[1mScanning dependencies of target geometry_msgs_generate_messages_nodejs[0m
[35m[1mScanning dependencies of target _detection_tree_msgs_generate_messages_check_deps_Dvector[0m
[  0%] Built target geometry_msgs_generate_messages_nodejs
[35m[1mScanning dependencies of target geometry_msgs_generate_messages_py[0m
[  0%] Built target geometry_msgs_generate_messages_py
[35m[1mScanning dependencies of target std_msgs_generate_messages_py[0m
[  0%] Built target _detection_tree_msgs_generate_messages_check_deps_Dvector
[  0%] Built target std_msgs_generate_messages_py
[35m[1mScanning dependencies of target geometry_msgs_generate_messages_cpp[0m
[  0%] Built target geometry_msgs_generate_messages_cpp
[35m[1mScanning dependencies of target std_msgs_generate_messages_cpp[0m
[  0%] Built target std_msgs_generate_messages_cpp
[35m[1mScanning dependencies of target std_msgs_generate_messages_lisp[0m
[35m[1mScanning dependencies of target geometry_msgs_generate_messages_lisp[0m
[  0%] Built target std_msgs_generate_messages_lisp
[  0%] Built target geometry_msgs_generate_messages_lisp
[35m[1mScanning dependencies of target std_msgs_generate_messages_eus[0m
[  0%] Built target std_msgs_generate_messages_eus
[35m[1mScanning dependencies of target geometry_msgs_generate_messages_eus[0m
[35m[1mScanning dependencies of target detection_tree_msgs_generate_messages_nodejs[0m
[  0%] Built target geometry_msgs_generate_messages_eus
[ 14%] [34m[1mGenerating Javascript code from detection_tree_msgs/Dvector.msg[0m
[35m[1mScanning dependencies of target detection_tree_msgs_generate_messages_py[0m
[ 28%] [34m[1mGenerating Python from MSG detection_tree_msgs/Dvector[0m
[ 28%] Built target detection_tree_msgs_generate_messages_nodejs
[35m[1mScanning dependencies of target detection_tree_msgs_generate_messages_cpp[0m
[35m[1mScanning dependencies of target detection_tree_msgs_generate_messages_lisp[0m
[35m[1mScanning dependencies of target detection_tree_msgs_generate_messages_eus[0m
[ 42%] [34m[1mGenerating C++ code from detection_tree_msgs/Dvector.msg[0m
[ 57%] [34m[1mGenerating Lisp code from detection_tree_msgs/Dvector.msg[0m
[ 71%] [34m[1mGenerating EusLisp code from detection_tree_msgs/Dvector.msg[0m
[ 71%] Built target detection_tree_msgs_generate_messages_lisp
[ 85%] [34m[1mGenerating Python msg __init__.py for detection_tree_msgs[0m
[100%] [34m[1mGenerating EusLisp manifest code for detection_tree_msgs[0m
[100%] Built target detection_tree_msgs_generate_messages_cpp
[100%] Built target detection_tree_msgs_generate_messages_py
[100%] Built target detection_tree_msgs_generate_messages_eus
[35m[1mScanning dependencies of target detection_tree_msgs_generate_messages[0m
[100%] Built target detection_tree_msgs_generate_messages
