Symlinking /home/shubhankargoje/catkin_ws/devel/share/roseus/ros/darknet_multiplexer_msgs/manifest.l
Symlinking /home/shubhankargoje/catkin_ws/devel/share/roseus/ros/darknet_multiplexer_msgs/srv/DarknetCameras.l
Symlinking /home/shubhankargoje/catkin_ws/devel/share/common-lisp/ros/darknet_multiplexer_msgs/srv/DarknetCameras.lisp
Symlinking /home/shubhankargoje/catkin_ws/devel/share/common-lisp/ros/darknet_multiplexer_msgs/srv/_package_DarknetCameras.lisp
Symlinking /home/shubhankargoje/catkin_ws/devel/share/common-lisp/ros/darknet_multiplexer_msgs/srv/darknet_multiplexer_msgs-srv.asd
Symlinking /home/shubhankargoje/catkin_ws/devel/share/common-lisp/ros/darknet_multiplexer_msgs/srv/_package.lisp
Symlinking /home/shubhankargoje/catkin_ws/devel/share/darknet_multiplexer_msgs/cmake/darknet_multiplexer_msgsConfig.cmake
Symlinking /home/shubhankargoje/catkin_ws/devel/share/darknet_multiplexer_msgs/cmake/darknet_multiplexer_msgs-msg-extras.cmake
Symlinking /home/shubhankargoje/catkin_ws/devel/share/darknet_multiplexer_msgs/cmake/darknet_multiplexer_msgsConfig-version.cmake
Symlinking /home/shubhankargoje/catkin_ws/devel/share/darknet_multiplexer_msgs/cmake/darknet_multiplexer_msgs-msg-paths.cmake
Symlinking /home/shubhankargoje/catkin_ws/devel/share/gennodejs/ros/darknet_multiplexer_msgs/_index.js
Symlinking /home/shubhankargoje/catkin_ws/devel/share/gennodejs/ros/darknet_multiplexer_msgs/srv/_index.js
Symlinking /home/shubhankargoje/catkin_ws/devel/share/gennodejs/ros/darknet_multiplexer_msgs/srv/DarknetCameras.js
Symlinking /home/shubhankargoje/catkin_ws/devel/lib/pkgconfig/darknet_multiplexer_msgs.pc
Symlinking /home/shubhankargoje/catkin_ws/devel/lib/python2.7/dist-packages/darknet_multiplexer_msgs/__init__.py
Symlinking /home/shubhankargoje/catkin_ws/devel/lib/python2.7/dist-packages/darknet_multiplexer_msgs/srv/__init__.py
Symlinking /home/shubhankargoje/catkin_ws/devel/lib/python2.7/dist-packages/darknet_multiplexer_msgs/srv/_DarknetCameras.py
Symlinking /home/shubhankargoje/catkin_ws/devel/include/darknet_multiplexer_msgs/DarknetCameras.h
Symlinking /home/shubhankargoje/catkin_ws/devel/include/darknet_multiplexer_msgs/DarknetCamerasResponse.h
Symlinking /home/shubhankargoje/catkin_ws/devel/include/darknet_multiplexer_msgs/DarknetCamerasRequest.h
