[35m[1mScanning dependencies of target _darknet_multiplexer_msgs_generate_messages_check_deps_DarknetCameras[0m
[  0%] Built target _darknet_multiplexer_msgs_generate_messages_check_deps_DarknetCameras
[35m[1mScanning dependencies of target darknet_multiplexer_msgs_generate_messages_py[0m
[ 14%] [34m[1mGenerating Python code from SRV darknet_multiplexer_msgs/DarknetCameras[0m
[35m[1mScanning dependencies of target darknet_multiplexer_msgs_generate_messages_cpp[0m
[35m[1mScanning dependencies of target darknet_multiplexer_msgs_generate_messages_eus[0m
[ 28%] [34m[1mGenerating C++ code from darknet_multiplexer_msgs/DarknetCameras.srv[0m
[ 42%] [34m[1mGenerating EusLisp code from darknet_multiplexer_msgs/DarknetCameras.srv[0m
[ 57%] [34m[1mGenerating Python srv __init__.py for darknet_multiplexer_msgs[0m
[ 71%] [34m[1mGenerating EusLisp manifest code for darknet_multiplexer_msgs[0m
[35m[1mScanning dependencies of target darknet_multiplexer_msgs_generate_messages_nodejs[0m
[ 85%] [34m[1mGenerating Javascript code from darknet_multiplexer_msgs/DarknetCameras.srv[0m
[35m[1mScanning dependencies of target darknet_multiplexer_msgs_generate_messages_lisp[0m
[100%] [34m[1mGenerating Lisp code from darknet_multiplexer_msgs/DarknetCameras.srv[0m
[100%] Built target darknet_multiplexer_msgs_generate_messages_nodejs
[100%] Built target darknet_multiplexer_msgs_generate_messages_py
[100%] Built target darknet_multiplexer_msgs_generate_messages_lisp
[100%] Built target darknet_multiplexer_msgs_generate_messages_cpp
[100%] Built target darknet_multiplexer_msgs_generate_messages_eus
[35m[1mScanning dependencies of target darknet_multiplexer_msgs_generate_messages[0m
[100%] Built target darknet_multiplexer_msgs_generate_messages
