Determining if the pthread_create exist failed with the following output:
Change Dir: /home/shubhankargoje/catkin_ws/build/uuv_sensor_ros_plugins_msgs/CMakeFiles/CMakeTmp

Run Build Command:"/usr/bin/make" "cmTC_18a1c/fast"
/usr/bin/make -f CMakeFiles/cmTC_18a1c.dir/build.make CMakeFiles/cmTC_18a1c.dir/build
make[1]: Entering directory '/home/shubhankargoje/catkin_ws/build/uuv_sensor_ros_plugins_msgs/CMakeFiles/CMakeTmp'
Building C object CMakeFiles/cmTC_18a1c.dir/CheckSymbolExists.c.o
/usr/bin/cc    -o CMakeFiles/cmTC_18a1c.dir/CheckSymbolExists.c.o   -c /home/shubhankargoje/catkin_ws/build/uuv_sensor_ros_plugins_msgs/CMakeFiles/CMakeTmp/CheckSymbolExists.c
Linking C executable cmTC_18a1c
/usr/bin/cmake -E cmake_link_script CMakeFiles/cmTC_18a1c.dir/link.txt --verbose=1
/usr/bin/cc      -rdynamic CMakeFiles/cmTC_18a1c.dir/CheckSymbolExists.c.o  -o cmTC_18a1c 
CMakeFiles/cmTC_18a1c.dir/CheckSymbolExists.c.o: In function `main':
CheckSymbolExists.c:(.text+0x1b): undefined reference to `pthread_create'
collect2: error: ld returned 1 exit status
CMakeFiles/cmTC_18a1c.dir/build.make:97: recipe for target 'cmTC_18a1c' failed
make[1]: *** [cmTC_18a1c] Error 1
make[1]: Leaving directory '/home/shubhankargoje/catkin_ws/build/uuv_sensor_ros_plugins_msgs/CMakeFiles/CMakeTmp'
Makefile:126: recipe for target 'cmTC_18a1c/fast' failed
make: *** [cmTC_18a1c/fast] Error 2

File /home/shubhankargoje/catkin_ws/build/uuv_sensor_ros_plugins_msgs/CMakeFiles/CMakeTmp/CheckSymbolExists.c:
/* */
#include <pthread.h>

int main(int argc, char** argv)
{
  (void)argv;
#ifndef pthread_create
  return ((int*)(&pthread_create))[argc];
#else
  (void)argc;
  return 0;
#endif
}

Determining if the function pthread_create exists in the pthreads failed with the following output:
Change Dir: /home/shubhankargoje/catkin_ws/build/uuv_sensor_ros_plugins_msgs/CMakeFiles/CMakeTmp

Run Build Command:"/usr/bin/make" "cmTC_f8ebe/fast"
/usr/bin/make -f CMakeFiles/cmTC_f8ebe.dir/build.make CMakeFiles/cmTC_f8ebe.dir/build
make[1]: Entering directory '/home/shubhankargoje/catkin_ws/build/uuv_sensor_ros_plugins_msgs/CMakeFiles/CMakeTmp'
Building C object CMakeFiles/cmTC_f8ebe.dir/CheckFunctionExists.c.o
/usr/bin/cc   -DCHECK_FUNCTION_EXISTS=pthread_create   -o CMakeFiles/cmTC_f8ebe.dir/CheckFunctionExists.c.o   -c /usr/share/cmake-3.10/Modules/CheckFunctionExists.c
Linking C executable cmTC_f8ebe
/usr/bin/cmake -E cmake_link_script CMakeFiles/cmTC_f8ebe.dir/link.txt --verbose=1
/usr/bin/cc  -DCHECK_FUNCTION_EXISTS=pthread_create    -rdynamic CMakeFiles/cmTC_f8ebe.dir/CheckFunctionExists.c.o  -o cmTC_f8ebe -lpthreads 
/usr/bin/ld: cannot find -lpthreads
collect2: error: ld returned 1 exit status
CMakeFiles/cmTC_f8ebe.dir/build.make:97: recipe for target 'cmTC_f8ebe' failed
make[1]: *** [cmTC_f8ebe] Error 1
make[1]: Leaving directory '/home/shubhankargoje/catkin_ws/build/uuv_sensor_ros_plugins_msgs/CMakeFiles/CMakeTmp'
Makefile:126: recipe for target 'cmTC_f8ebe/fast' failed
make: *** [cmTC_f8ebe/fast] Error 2


