Determining if the pthread_create exist failed with the following output:
Change Dir: /home/shubhankargoje/catkin_ws/build/gazebo_ros_link_attacher/CMakeFiles/CMakeTmp

Run Build Command:"/usr/bin/make" "cmTC_17d77/fast"
/usr/bin/make -f CMakeFiles/cmTC_17d77.dir/build.make CMakeFiles/cmTC_17d77.dir/build
make[1]: Entering directory '/home/shubhankargoje/catkin_ws/build/gazebo_ros_link_attacher/CMakeFiles/CMakeTmp'
Building C object CMakeFiles/cmTC_17d77.dir/CheckSymbolExists.c.o
/usr/bin/cc    -o CMakeFiles/cmTC_17d77.dir/CheckSymbolExists.c.o   -c /home/shubhankargoje/catkin_ws/build/gazebo_ros_link_attacher/CMakeFiles/CMakeTmp/CheckSymbolExists.c
Linking C executable cmTC_17d77
/usr/bin/cmake -E cmake_link_script CMakeFiles/cmTC_17d77.dir/link.txt --verbose=1
/usr/bin/cc      -rdynamic CMakeFiles/cmTC_17d77.dir/CheckSymbolExists.c.o  -o cmTC_17d77 
CMakeFiles/cmTC_17d77.dir/CheckSymbolExists.c.o: In function `main':
CheckSymbolExists.c:(.text+0x1b): undefined reference to `pthread_create'
collect2: error: ld returned 1 exit status
CMakeFiles/cmTC_17d77.dir/build.make:97: recipe for target 'cmTC_17d77' failed
make[1]: *** [cmTC_17d77] Error 1
make[1]: Leaving directory '/home/shubhankargoje/catkin_ws/build/gazebo_ros_link_attacher/CMakeFiles/CMakeTmp'
Makefile:126: recipe for target 'cmTC_17d77/fast' failed
make: *** [cmTC_17d77/fast] Error 2

File /home/shubhankargoje/catkin_ws/build/gazebo_ros_link_attacher/CMakeFiles/CMakeTmp/CheckSymbolExists.c:
/* */
#include <pthread.h>

int main(int argc, char** argv)
{
  (void)argv;
#ifndef pthread_create
  return ((int*)(&pthread_create))[argc];
#else
  (void)argc;
  return 0;
#endif
}

Determining if the function pthread_create exists in the pthreads failed with the following output:
Change Dir: /home/shubhankargoje/catkin_ws/build/gazebo_ros_link_attacher/CMakeFiles/CMakeTmp

Run Build Command:"/usr/bin/make" "cmTC_9690e/fast"
/usr/bin/make -f CMakeFiles/cmTC_9690e.dir/build.make CMakeFiles/cmTC_9690e.dir/build
make[1]: Entering directory '/home/shubhankargoje/catkin_ws/build/gazebo_ros_link_attacher/CMakeFiles/CMakeTmp'
Building C object CMakeFiles/cmTC_9690e.dir/CheckFunctionExists.c.o
/usr/bin/cc   -DCHECK_FUNCTION_EXISTS=pthread_create   -o CMakeFiles/cmTC_9690e.dir/CheckFunctionExists.c.o   -c /usr/share/cmake-3.10/Modules/CheckFunctionExists.c
Linking C executable cmTC_9690e
/usr/bin/cmake -E cmake_link_script CMakeFiles/cmTC_9690e.dir/link.txt --verbose=1
/usr/bin/cc  -DCHECK_FUNCTION_EXISTS=pthread_create    -rdynamic CMakeFiles/cmTC_9690e.dir/CheckFunctionExists.c.o  -o cmTC_9690e -lpthreads 
/usr/bin/ld: cannot find -lpthreads
collect2: error: ld returned 1 exit status
CMakeFiles/cmTC_9690e.dir/build.make:97: recipe for target 'cmTC_9690e' failed
make[1]: *** [cmTC_9690e] Error 1
make[1]: Leaving directory '/home/shubhankargoje/catkin_ws/build/gazebo_ros_link_attacher/CMakeFiles/CMakeTmp'
Makefile:126: recipe for target 'cmTC_9690e/fast' failed
make: *** [cmTC_9690e/fast] Error 2


