Determining if the pthread_create exist failed with the following output:
Change Dir: /home/shubhankargoje/catkin_ws/build/uuv_auv_control_allocator/CMakeFiles/CMakeTmp

Run Build Command:"/usr/bin/make" "cmTC_d923f/fast"
/usr/bin/make -f CMakeFiles/cmTC_d923f.dir/build.make CMakeFiles/cmTC_d923f.dir/build
make[1]: Entering directory '/home/shubhankargoje/catkin_ws/build/uuv_auv_control_allocator/CMakeFiles/CMakeTmp'
Building C object CMakeFiles/cmTC_d923f.dir/CheckSymbolExists.c.o
/usr/bin/cc    -o CMakeFiles/cmTC_d923f.dir/CheckSymbolExists.c.o   -c /home/shubhankargoje/catkin_ws/build/uuv_auv_control_allocator/CMakeFiles/CMakeTmp/CheckSymbolExists.c
Linking C executable cmTC_d923f
/usr/bin/cmake -E cmake_link_script CMakeFiles/cmTC_d923f.dir/link.txt --verbose=1
/usr/bin/cc      -rdynamic CMakeFiles/cmTC_d923f.dir/CheckSymbolExists.c.o  -o cmTC_d923f 
CMakeFiles/cmTC_d923f.dir/CheckSymbolExists.c.o: In function `main':
CheckSymbolExists.c:(.text+0x1b): undefined reference to `pthread_create'
collect2: error: ld returned 1 exit status
CMakeFiles/cmTC_d923f.dir/build.make:97: recipe for target 'cmTC_d923f' failed
make[1]: *** [cmTC_d923f] Error 1
make[1]: Leaving directory '/home/shubhankargoje/catkin_ws/build/uuv_auv_control_allocator/CMakeFiles/CMakeTmp'
Makefile:126: recipe for target 'cmTC_d923f/fast' failed
make: *** [cmTC_d923f/fast] Error 2

File /home/shubhankargoje/catkin_ws/build/uuv_auv_control_allocator/CMakeFiles/CMakeTmp/CheckSymbolExists.c:
/* */
#include <pthread.h>

int main(int argc, char** argv)
{
  (void)argv;
#ifndef pthread_create
  return ((int*)(&pthread_create))[argc];
#else
  (void)argc;
  return 0;
#endif
}

Determining if the function pthread_create exists in the pthreads failed with the following output:
Change Dir: /home/shubhankargoje/catkin_ws/build/uuv_auv_control_allocator/CMakeFiles/CMakeTmp

Run Build Command:"/usr/bin/make" "cmTC_4587e/fast"
/usr/bin/make -f CMakeFiles/cmTC_4587e.dir/build.make CMakeFiles/cmTC_4587e.dir/build
make[1]: Entering directory '/home/shubhankargoje/catkin_ws/build/uuv_auv_control_allocator/CMakeFiles/CMakeTmp'
Building C object CMakeFiles/cmTC_4587e.dir/CheckFunctionExists.c.o
/usr/bin/cc   -DCHECK_FUNCTION_EXISTS=pthread_create   -o CMakeFiles/cmTC_4587e.dir/CheckFunctionExists.c.o   -c /usr/share/cmake-3.10/Modules/CheckFunctionExists.c
Linking C executable cmTC_4587e
/usr/bin/cmake -E cmake_link_script CMakeFiles/cmTC_4587e.dir/link.txt --verbose=1
/usr/bin/cc  -DCHECK_FUNCTION_EXISTS=pthread_create    -rdynamic CMakeFiles/cmTC_4587e.dir/CheckFunctionExists.c.o  -o cmTC_4587e -lpthreads 
/usr/bin/ld: cannot find -lpthreads
collect2: error: ld returned 1 exit status
CMakeFiles/cmTC_4587e.dir/build.make:97: recipe for target 'cmTC_4587e' failed
make[1]: *** [cmTC_4587e] Error 1
make[1]: Leaving directory '/home/shubhankargoje/catkin_ws/build/uuv_auv_control_allocator/CMakeFiles/CMakeTmp'
Makefile:126: recipe for target 'cmTC_4587e/fast' failed
make: *** [cmTC_4587e/fast] Error 2


